Picked up JAVA_TOOL_OPTIONS: -Dstdout.encoding=UTF-8 -Dstderr.encoding=UTF-8
WARNING: A restricted method in java.lang.System has been called
WARNING: java.lang.System::load has been called by org.fusesource.jansi.internal.JansiLoader in an unnamed module (file:/C:/Users/LENEVO/AppData/Roaming/Code/User/globalStorage/pleiades.java-extension-pack-jdk/maven/latest/lib/jansi-2.4.1.jar)
WARNING: Use --enable-native-access=ALL-UNNAMED to avoid a warning for callers in this module
WARNING: Restricted methods will be blocked in a future release unless native access is enabled

WARNING: A terminally deprecated method in sun.misc.Unsafe has been called
WARNING: sun.misc.Unsafe::objectFieldOffset has been called by com.google.common.util.concurrent.AbstractFuture$UnsafeAtomicHelper (file:/C:/Users/LENEVO/AppData/Roaming/Code/User/globalStorage/pleiades.java-extension-pack-jdk/maven/latest/lib/guava-33.2.1-jre.jar)
WARNING: Please consider reporting this to the maintainers of class com.google.common.util.concurrent.AbstractFuture$UnsafeAtomicHelper
WARNING: sun.misc.Unsafe::objectFieldOffset will be removed in a future release
[INFO] Scanning for projects...
[INFO] 
[INFO] -----------------------< com.afitech:Afitech_1- >-----------------------
[INFO] Building Afitech_1- 0.0.1-SNAPSHOT
[INFO]   from pom.xml
[INFO] --------------------------------[ jar ]---------------------------------
[INFO] 
[INFO] >>> spring-boot:3.4.2:run (default-cli) > test-compile @ Afitech_1- >>>
[INFO] 
[INFO] --- resources:3.3.1:resources (default-resources) @ Afitech_1- ---
[INFO] Copying 1 resource from src\main\resources to target\classes
[INFO] Copying 3 resources from src\main\resources to target\classes
[INFO] 
[INFO] --- compiler:3.13.0:compile (default-compile) @ Afitech_1- ---
[INFO] Recompiling the module because of changed source code.
[INFO] Compiling 34 source files with javac [debug parameters release 17] to target\classes
[INFO] /C:/Users/LENEVO/Desktop/AFI-TECH.MK/AFI-TECH-backend/src/main/java/com/afitech/service/JwtService.java: C:\Users\LENEVO\Desktop\AFI-TECH.MK\AFI-TECH-backend\src\main\java\com\afitech\service\JwtService.java uses or overrides a deprecated API.
[INFO] /C:/Users/LENEVO/Desktop/AFI-TECH.MK/AFI-TECH-backend/src/main/java/com/afitech/service/JwtService.java: Recompile with -Xlint:deprecation for details.
[INFO] -------------------------------------------------------------
[WARNING] COMPILATION WARNING : 
[INFO] -------------------------------------------------------------
[WARNING] /C:/Users/LENEVO/Desktop/AFI-TECH.MK/AFI-TECH-backend/src/main/java/com/afitech/config/SecurityConfig.java:[33,17] csrf() in org.springframework.security.config.annotation.web.builders.HttpSecurity has been deprecated and marked for removal
[WARNING] /C:/Users/LENEVO/Desktop/AFI-TECH.MK/AFI-TECH-backend/src/main/java/com/afitech/config/SecurityConfig.java:[34,17] cors() in org.springframework.security.config.annotation.web.builders.HttpSecurity has been deprecated and marked for removal
[WARNING] /C:/Users/LENEVO/Desktop/AFI-TECH.MK/AFI-TECH-backend/src/main/java/com/afitech/config/SecurityConfig.java:[34,24] and() in org.springframework.security.config.annotation.SecurityConfigurerAdapter has been deprecated and marked for removal
[WARNING] /C:/Users/LENEVO/Desktop/AFI-TECH.MK/AFI-TECH-backend/src/main/java/com/afitech/config/SecurityConfig.java:[35,17] authorizeHttpRequests() in org.springframework.security.config.annotation.web.builders.HttpSecurity has been deprecated and marked for removal
[WARNING] /C:/Users/LENEVO/Desktop/AFI-TECH.MK/AFI-TECH-backend/src/main/java/com/afitech/config/SecurityConfig.java:[48,17] and() in org.springframework.security.config.annotation.web.configurers.AuthorizeHttpRequestsConfigurer.AuthorizationManagerRequestMatcherRegistry has been deprecated and marked for removal
[WARNING] /C:/Users/LENEVO/Desktop/AFI-TECH.MK/AFI-TECH-backend/src/main/java/com/afitech/config/SecurityConfig.java:[49,17] sessionManagement() in org.springframework.security.config.annotation.web.builders.HttpSecurity has been deprecated and marked for removal
[WARNING] /C:/Users/LENEVO/Desktop/AFI-TECH.MK/AFI-TECH-backend/src/main/java/com/afitech/config/SecurityConfig.java:[51,17] and() in org.springframework.security.config.annotation.SecurityConfigurerAdapter has been deprecated and marked for removal
[INFO] 7 warnings 
[INFO] -------------------------------------------------------------
[INFO] -------------------------------------------------------------
[ERROR] COMPILATION ERROR : 
[INFO] -------------------------------------------------------------
[ERROR] /C:/Users/LENEVO/Desktop/AFI-TECH.MK/AFI-TECH-backend/src/main/java/com/afitech/controller/AuthController.java:[28,34] constructor LoginResponse in class com.afitech.dto.LoginResponse cannot be applied to given types;
  required: no arguments
  found:    java.lang.String
  reason: actual and formal argument lists differ in length
[ERROR] /C:/Users/LENEVO/Desktop/AFI-TECH.MK/AFI-TECH-backend/src/main/java/com/afitech/controller/AuthController.java:[35,34] constructor LoginResponse in class com.afitech.dto.LoginResponse cannot be applied to given types;
  required: no arguments
  found:    java.lang.String
  reason: actual and formal argument lists differ in length
[ERROR] /C:/Users/LENEVO/Desktop/AFI-TECH.MK/AFI-TECH-backend/src/main/java/com/afitech/modele/User.java:[18,8] com.afitech.modele.User is not abstract and does not override abstract method getPassword() in org.springframework.security.core.userdetails.UserDetails
[ERROR] /C:/Users/LENEVO/Desktop/AFI-TECH.MK/AFI-TECH-backend/src/main/java/com/afitech/modele/User.java:[32,73] cannot find symbol
  symbol:   method getName()
  location: variable role of type com.afitech.modele.Role
[ERROR] /C:/Users/LENEVO/Desktop/AFI-TECH.MK/AFI-TECH-backend/src/main/java/com/afitech/controller/EtudiantController.java:[41,44] cannot find symbol
  symbol:   method getNom()
  location: variable etudiantDetails of type com.afitech.modele.Etudiant
[ERROR] /C:/Users/LENEVO/Desktop/AFI-TECH.MK/AFI-TECH-backend/src/main/java/com/afitech/controller/EtudiantController.java:[44,46] cannot find symbol
  symbol:   method getEmail()
  location: variable etudiantDetails of type com.afitech.modele.Etudiant
[ERROR] /C:/Users/LENEVO/Desktop/AFI-TECH.MK/AFI-TECH-backend/src/main/java/com/afitech/service/UserDetailsServiceImpl.java:[23,43] cannot find symbol
  symbol:   method getEmail()
  location: variable user of type com.afitech.modele.User
[ERROR] /C:/Users/LENEVO/Desktop/AFI-TECH.MK/AFI-TECH-backend/src/main/java/com/afitech/service/UserDetailsServiceImpl.java:[25,42] cannot find symbol
  symbol:   method getRole()
  location: variable user of type com.afitech.modele.User
[ERROR] /C:/Users/LENEVO/Desktop/AFI-TECH.MK/AFI-TECH-backend/src/main/java/com/afitech/service/impl/AuthenticationServiceImpl.java:[27,76] cannot find symbol
  symbol:   method getRole()
  location: variable request of type com.afitech.dto.RegisterRequest
[ERROR] /C:/Users/LENEVO/Desktop/AFI-TECH.MK/AFI-TECH-backend/src/main/java/com/afitech/service/impl/AuthenticationServiceImpl.java:[31,30] cannot find symbol
  symbol:   method getEmail()
  location: variable request of type com.afitech.dto.RegisterRequest
[ERROR] /C:/Users/LENEVO/Desktop/AFI-TECH.MK/AFI-TECH-backend/src/main/java/com/afitech/service/impl/AuthenticationServiceImpl.java:[32,56] cannot find symbol
  symbol:   method getPassword()
  location: variable request of type com.afitech.dto.RegisterRequest
[ERROR] /C:/Users/LENEVO/Desktop/AFI-TECH.MK/AFI-TECH-backend/src/main/java/com/afitech/service/impl/AuthenticationServiceImpl.java:[33,13] cannot find symbol
  symbol:   method setRole(com.afitech.modele.Role)
  location: variable user of type com.afitech.modele.User
[ERROR] /C:/Users/LENEVO/Desktop/AFI-TECH.MK/AFI-TECH-backend/src/main/java/com/afitech/service/impl/AuthenticationServiceImpl.java:[42,32] cannot find symbol
  symbol:   method getEmail()
  location: variable request of type com.afitech.dto.LoginRequest
[ERROR] /C:/Users/LENEVO/Desktop/AFI-TECH.MK/AFI-TECH-backend/src/main/java/com/afitech/service/impl/AuthenticationServiceImpl.java:[43,32] cannot find symbol
  symbol:   method getPassword()
  location: variable request of type com.afitech.dto.LoginRequest
[ERROR] /C:/Users/LENEVO/Desktop/AFI-TECH.MK/AFI-TECH-backend/src/main/java/com/afitech/service/impl/AuthenticationServiceImpl.java:[45,50] cannot find symbol
  symbol:   method getEmail()
  location: variable request of type com.afitech.dto.LoginRequest
[INFO] 15 errors 
[INFO] -------------------------------------------------------------
[INFO] ------------------------------------------------------------------------
[INFO] BUILD FAILURE
[INFO] ------------------------------------------------------------------------
[INFO] Total time:  4.650 s
[INFO] Finished at: 2025-04-10T13:45:50Z
[INFO] ------------------------------------------------------------------------
[ERROR] Failed to execute goal org.apache.maven.plugins:maven-compiler-plugin:3.13.0:compile (default-compile) on project Afitech_1-: Compilation failure: Compilation failure: 
[ERROR] /C:/Users/LENEVO/Desktop/AFI-TECH.MK/AFI-TECH-backend/src/main/java/com/afitech/controller/AuthController.java:[28,34] constructor LoginResponse in class com.afitech.dto.LoginResponse cannot be applied to given types;
[ERROR]   required: no arguments
[ERROR]   found:    java.lang.String
[ERROR]   reason: actual and formal argument lists differ in length
[ERROR] /C:/Users/LENEVO/Desktop/AFI-TECH.MK/AFI-TECH-backend/src/main/java/com/afitech/controller/AuthController.java:[35,34] constructor LoginResponse in class com.afitech.dto.LoginResponse cannot be applied to given types;
[ERROR]   required: no arguments
[ERROR]   found:    java.lang.String
[ERROR]   reason: actual and formal argument lists differ in length
[ERROR] /C:/Users/LENEVO/Desktop/AFI-TECH.MK/AFI-TECH-backend/src/main/java/com/afitech/modele/User.java:[18,8] com.afitech.modele.User is not abstract and does not override abstract method getPassword() in org.springframework.security.core.userdetails.UserDetails
[ERROR] /C:/Users/LENEVO/Desktop/AFI-TECH.MK/AFI-TECH-backend/src/main/java/com/afitech/modele/User.java:[32,73] cannot find symbol
[ERROR]   symbol:   method getName()
[ERROR]   location: variable role of type com.afitech.modele.Role
[ERROR] /C:/Users/LENEVO/Desktop/AFI-TECH.MK/AFI-TECH-backend/src/main/java/com/afitech/controller/EtudiantController.java:[41,44] cannot find symbol
[ERROR]   symbol:   method getNom()
[ERROR]   location: variable etudiantDetails of type com.afitech.modele.Etudiant
[ERROR] /C:/Users/LENEVO/Desktop/AFI-TECH.MK/AFI-TECH-backend/src/main/java/com/afitech/controller/EtudiantController.java:[44,46] cannot find symbol
[ERROR]   symbol:   method getEmail()
[ERROR]   location: variable etudiantDetails of type com.afitech.modele.Etudiant
[ERROR] /C:/Users/LENEVO/Desktop/AFI-TECH.MK/AFI-TECH-backend/src/main/java/com/afitech/service/UserDetailsServiceImpl.java:[23,43] cannot find symbol
[ERROR]   symbol:   method getEmail()
[ERROR]   location: variable user of type com.afitech.modele.User
[ERROR] /C:/Users/LENEVO/Desktop/AFI-TECH.MK/AFI-TECH-backend/src/main/java/com/afitech/service/UserDetailsServiceImpl.java:[25,42] cannot find symbol
[ERROR]   symbol:   method getRole()
[ERROR]   location: variable user of type com.afitech.modele.User
[ERROR] /C:/Users/LENEVO/Desktop/AFI-TECH.MK/AFI-TECH-backend/src/main/java/com/afitech/service/impl/AuthenticationServiceImpl.java:[27,76] cannot find symbol
[ERROR]   symbol:   method getRole()
[ERROR]   location: variable request of type com.afitech.dto.RegisterRequest
[ERROR] /C:/Users/LENEVO/Desktop/AFI-TECH.MK/AFI-TECH-backend/src/main/java/com/afitech/service/impl/AuthenticationServiceImpl.java:[31,30] cannot find symbol
[ERROR]   symbol:   method getEmail()
[ERROR]   location: variable request of type com.afitech.dto.RegisterRequest
[ERROR] /C:/Users/LENEVO/Desktop/AFI-TECH.MK/AFI-TECH-backend/src/main/java/com/afitech/service/impl/AuthenticationServiceImpl.java:[32,56] cannot find symbol
[ERROR]   symbol:   method getPassword()
[ERROR]   location: variable request of type com.afitech.dto.RegisterRequest
[ERROR] /C:/Users/LENEVO/Desktop/AFI-TECH.MK/AFI-TECH-backend/src/main/java/com/afitech/service/impl/AuthenticationServiceImpl.java:[33,13] cannot find symbol
[ERROR]   symbol:   method setRole(com.afitech.modele.Role)
[ERROR]   location: variable user of type com.afitech.modele.User
[ERROR] /C:/Users/LENEVO/Desktop/AFI-TECH.MK/AFI-TECH-backend/src/main/java/com/afitech/service/impl/AuthenticationServiceImpl.java:[42,32] cannot find symbol
[ERROR]   symbol:   method getEmail()
[ERROR]   location: variable request of type com.afitech.dto.LoginRequest
[ERROR] /C:/Users/LENEVO/Desktop/AFI-TECH.MK/AFI-TECH-backend/src/main/java/com/afitech/service/impl/AuthenticationServiceImpl.java:[43,32] cannot find symbol
[ERROR]   symbol:   method getPassword()
[ERROR]   location: variable request of type com.afitech.dto.LoginRequest
[ERROR] /C:/Users/LENEVO/Desktop/AFI-TECH.MK/AFI-TECH-backend/src/main/java/com/afitech/service/impl/AuthenticationServiceImpl.java:[45,50] cannot find symbol
[ERROR]   symbol:   method getEmail()
[ERROR]   location: variable request of type com.afitech.dto.LoginRequest
[ERROR] -> [Help 1]
[ERROR] 
[ERROR] To see the full stack trace of the errors, re-run Maven with the -e switch.
[ERROR] Re-run Maven using the -X switch to enable full debug logging.
[ERROR] 
[ERROR] For more information about the errors and possible solutions, please read the following articles:
[ERROR] [Help 1] http://cwiki.apache.org/confluence/display/MAVEN/MojoFailureException
